<?xml version="1.0" encoding="UTF-8"?>
<testsuite name="GerenciadorFretesResquests" tests="1" skipped="0" failures="0" errors="0" timestamp="2022-02-23T17:00:40" hostname="NI-INV3036" time="2.294">
  <properties/>
  <testcase name="deveRealizarCadastroComSucesso()" classname="GerenciadorFretesResquests" time="2.294"/>
  <system-out><![CDATA[Request method:	POST
Request URI:	http://localhost:8089/api/fretes/novo
Proxy:			<none>
Request params:	<none>
Query params:	<none>
Form params:	<none>
Path params:	<none>
Headers:		Accept=*/*
				Content-Type=application/json
Cookies:		<none>
Multiparts:		<none>
Body:
{
    "produto": "Notebook",
    "localDeEntrega": "CB Barueri",
    "quantidade": 3,
    "transportadora": "transDiego"
}
HTTP/1.1 201 
Location: http://localhost:8089/api/fretes/novo/
Content-Type: application/json;charset=UTF-8
Transfer-Encoding: chunked
Date: Wed, 23 Feb 2022 17:00:42 GMT

{
    "data": {
        "id": 1,
        "localDeEntrega": "CB Barueri",
        "quantidade": 3,
        "transportadora": null,
        "produto": "Notebook"
    },
    "errors": [
        
    ]
}
]]></system-out>
  <system-err><![CDATA[]]></system-err>
</testsuite>
