<?xml version="1.0" encoding="UTF-8"?>
<testsuite name="requests.GerenciadorFretesResquests" tests="9" skipped="0" failures="1" errors="0" timestamp="2022-06-11T18:50:24" hostname="NI-INV3036" time="5.715">
  <properties/>
  <testcase name="devePesquisarTodosOsFretes()" classname="requests.GerenciadorFretesResquests" time="4.006"/>
  <testcase name="naoDeveSerPossivelCadastrarSemQuantidade()" classname="requests.GerenciadorFretesResquests" time="1.158"/>
  <testcase name="deveRealizarCadastroComSucessoParams()" classname="requests.GerenciadorFretesResquests" time="0.088"/>
  <testcase name="deveRetornar404QuandoNaoEncontrarOFrete()" classname="requests.GerenciadorFretesResquests" time="0.064">
    <failure message="java.lang.AssertionError: 1 expectation failed.&#10;Expected status code &lt;404&gt; but was &lt;500&gt;.&#10;" type="java.lang.AssertionError">java.lang.AssertionError: 1 expectation failed.
Expected status code &lt;404&gt; but was &lt;500&gt;.

	at sun.reflect.NativeConstructorAccessorImpl.newInstance0(Native Method)
	at sun.reflect.NativeConstructorAccessorImpl.newInstance(NativeConstructorAccessorImpl.java:62)
	at sun.reflect.DelegatingConstructorAccessorImpl.newInstance(DelegatingConstructorAccessorImpl.java:45)
	at java.lang.reflect.Constructor.newInstance(Constructor.java:423)
	at org.codehaus.groovy.reflection.CachedConstructor.invoke(CachedConstructor.java:72)
	at org.codehaus.groovy.reflection.CachedConstructor.doConstructorInvoke(CachedConstructor.java:59)
	at org.codehaus.groovy.runtime.callsite.ConstructorSite$ConstructorSiteNoUnwrap.callConstructor(ConstructorSite.java:84)
	at org.codehaus.groovy.runtime.callsite.CallSiteArray.defaultCallConstructor(CallSiteArray.java:59)
	at org.codehaus.groovy.runtime.callsite.AbstractCallSite.callConstructor(AbstractCallSite.java:263)
	at org.codehaus.groovy.runtime.callsite.AbstractCallSite.callConstructor(AbstractCallSite.java:277)
	at io.restassured.internal.ResponseSpecificationImpl$HamcrestAssertionClosure.validate(ResponseSpecificationImpl.groovy:499)
	at io.restassured.internal.ResponseSpecificationImpl$HamcrestAssertionClosure$validate$1.call(Unknown Source)
	at io.restassured.internal.ResponseSpecificationImpl.validateResponseIfRequired(ResponseSpecificationImpl.groovy:684)
	at sun.reflect.NativeMethodAccessorImpl.invoke0(Native Method)
	at sun.reflect.NativeMethodAccessorImpl.invoke(NativeMethodAccessorImpl.java:62)
	at sun.reflect.DelegatingMethodAccessorImpl.invoke(DelegatingMethodAccessorImpl.java:43)
	at java.lang.reflect.Method.invoke(Method.java:498)
	at org.codehaus.groovy.runtime.callsite.PlainObjectMetaMethodSite.doInvoke(PlainObjectMetaMethodSite.java:43)
	at org.codehaus.groovy.runtime.callsite.PogoMetaMethodSite$PogoCachedMethodSiteNoUnwrapNoCoerce.invoke(PogoMetaMethodSite.java:193)
	at org.codehaus.groovy.runtime.callsite.PogoMetaMethodSite.callCurrent(PogoMetaMethodSite.java:61)
	at org.codehaus.groovy.runtime.callsite.AbstractCallSite.callCurrent(AbstractCallSite.java:185)
	at io.restassured.internal.ResponseSpecificationImpl.statusCode(ResponseSpecificationImpl.groovy:127)
	at io.restassured.specification.ResponseSpecification$statusCode$0.callCurrent(Unknown Source)
	at io.restassured.internal.ResponseSpecificationImpl.statusCode(ResponseSpecificationImpl.groovy:135)
	at io.restassured.internal.ValidatableResponseOptionsImpl.statusCode(ValidatableResponseOptionsImpl.java:89)
	at io.restassured.internal.ValidatableResponseImpl.super$2$statusCode(ValidatableResponseImpl.groovy)
	at sun.reflect.NativeMethodAccessorImpl.invoke0(Native Method)
	at sun.reflect.NativeMethodAccessorImpl.invoke(NativeMethodAccessorImpl.java:62)
	at sun.reflect.DelegatingMethodAccessorImpl.invoke(DelegatingMethodAccessorImpl.java:43)
	at java.lang.reflect.Method.invoke(Method.java:498)
	at org.codehaus.groovy.reflection.CachedMethod.invoke(CachedMethod.java:107)
	at groovy.lang.MetaMethod.doMethodInvoke(MetaMethod.java:323)
	at groovy.lang.MetaClassImpl.invokeMethod(MetaClassImpl.java:1268)
	at org.codehaus.groovy.runtime.ScriptBytecodeAdapter.invokeMethodOnSuperN(ScriptBytecodeAdapter.java:144)
	at io.restassured.internal.ValidatableResponseImpl.statusCode(ValidatableResponseImpl.groovy:142)
	at io.restassured.internal.ValidatableResponseImpl.statusCode(ValidatableResponseImpl.groovy)
	at requests.GerenciadorFretesResquests.deveRetornar404QuandoNaoEncontrarOFrete(GerenciadorFretesResquests.java:130)
	at sun.reflect.NativeMethodAccessorImpl.invoke0(Native Method)
	at sun.reflect.NativeMethodAccessorImpl.invoke(NativeMethodAccessorImpl.java:62)
	at sun.reflect.DelegatingMethodAccessorImpl.invoke(DelegatingMethodAccessorImpl.java:43)
	at java.lang.reflect.Method.invoke(Method.java:498)
	at org.junit.platform.commons.util.ReflectionUtils.invokeMethod(ReflectionUtils.java:725)
	at org.junit.jupiter.engine.execution.MethodInvocation.proceed(MethodInvocation.java:60)
	at org.junit.jupiter.engine.execution.InvocationInterceptorChain$ValidatingInvocation.proceed(InvocationInterceptorChain.java:131)
	at org.junit.jupiter.engine.extension.TimeoutExtension.intercept(TimeoutExtension.java:149)
	at org.junit.jupiter.engine.extension.TimeoutExtension.interceptTestableMethod(TimeoutExtension.java:140)
	at org.junit.jupiter.engine.extension.TimeoutExtension.interceptTestMethod(TimeoutExtension.java:84)
	at org.junit.jupiter.engine.execution.ExecutableInvoker$ReflectiveInterceptorCall.lambda$ofVoidMethod$0(ExecutableInvoker.java:115)
	at org.junit.jupiter.engine.execution.ExecutableInvoker.lambda$invoke$0(ExecutableInvoker.java:105)
	at org.junit.jupiter.engine.execution.InvocationInterceptorChain$InterceptedInvocation.proceed(InvocationInterceptorChain.java:106)
	at org.junit.jupiter.engine.execution.InvocationInterceptorChain.proceed(InvocationInterceptorChain.java:64)
	at org.junit.jupiter.engine.execution.InvocationInterceptorChain.chainAndInvoke(InvocationInterceptorChain.java:45)
	at org.junit.jupiter.engine.execution.InvocationInterceptorChain.invoke(InvocationInterceptorChain.java:37)
	at org.junit.jupiter.engine.execution.ExecutableInvoker.invoke(ExecutableInvoker.java:104)
	at org.junit.jupiter.engine.execution.ExecutableInvoker.invoke(ExecutableInvoker.java:98)
	at org.junit.jupiter.engine.descriptor.TestMethodTestDescriptor.lambda$invokeTestMethod$7(TestMethodTestDescriptor.java:214)
	at org.junit.platform.engine.support.hierarchical.ThrowableCollector.execute(ThrowableCollector.java:73)
	at org.junit.jupiter.engine.descriptor.TestMethodTestDescriptor.invokeTestMethod(TestMethodTestDescriptor.java:210)
	at org.junit.jupiter.engine.descriptor.TestMethodTestDescriptor.execute(TestMethodTestDescriptor.java:135)
	at org.junit.jupiter.engine.descriptor.TestMethodTestDescriptor.execute(TestMethodTestDescriptor.java:66)
	at org.junit.platform.engine.support.hierarchical.NodeTestTask.lambda$executeRecursively$6(NodeTestTask.java:151)
	at org.junit.platform.engine.support.hierarchical.ThrowableCollector.execute(ThrowableCollector.java:73)
	at org.junit.platform.engine.support.hierarchical.NodeTestTask.lambda$executeRecursively$8(NodeTestTask.java:141)
	at org.junit.platform.engine.support.hierarchical.Node.around(Node.java:137)
	at org.junit.platform.engine.support.hierarchical.NodeTestTask.lambda$executeRecursively$9(NodeTestTask.java:139)
	at org.junit.platform.engine.support.hierarchical.ThrowableCollector.execute(ThrowableCollector.java:73)
	at org.junit.platform.engine.support.hierarchical.NodeTestTask.executeRecursively(NodeTestTask.java:138)
	at org.junit.platform.engine.support.hierarchical.NodeTestTask.execute(NodeTestTask.java:95)
	at java.util.ArrayList.forEach(ArrayList.java:1259)
	at org.junit.platform.engine.support.hierarchical.SameThreadHierarchicalTestExecutorService.invokeAll(SameThreadHierarchicalTestExecutorService.java:41)
	at org.junit.platform.engine.support.hierarchical.NodeTestTask.lambda$executeRecursively$6(NodeTestTask.java:155)
	at org.junit.platform.engine.support.hierarchical.ThrowableCollector.execute(ThrowableCollector.java:73)
	at org.junit.platform.engine.support.hierarchical.NodeTestTask.lambda$executeRecursively$8(NodeTestTask.java:141)
	at org.junit.platform.engine.support.hierarchical.Node.around(Node.java:137)
	at org.junit.platform.engine.support.hierarchical.NodeTestTask.lambda$executeRecursively$9(NodeTestTask.java:139)
	at org.junit.platform.engine.support.hierarchical.ThrowableCollector.execute(ThrowableCollector.java:73)
	at org.junit.platform.engine.support.hierarchical.NodeTestTask.executeRecursively(NodeTestTask.java:138)
	at org.junit.platform.engine.support.hierarchical.NodeTestTask.execute(NodeTestTask.java:95)
	at java.util.ArrayList.forEach(ArrayList.java:1259)
	at org.junit.platform.engine.support.hierarchical.SameThreadHierarchicalTestExecutorService.invokeAll(SameThreadHierarchicalTestExecutorService.java:41)
	at org.junit.platform.engine.support.hierarchical.NodeTestTask.lambda$executeRecursively$6(NodeTestTask.java:155)
	at org.junit.platform.engine.support.hierarchical.ThrowableCollector.execute(ThrowableCollector.java:73)
	at org.junit.platform.engine.support.hierarchical.NodeTestTask.lambda$executeRecursively$8(NodeTestTask.java:141)
	at org.junit.platform.engine.support.hierarchical.Node.around(Node.java:137)
	at org.junit.platform.engine.support.hierarchical.NodeTestTask.lambda$executeRecursively$9(NodeTestTask.java:139)
	at org.junit.platform.engine.support.hierarchical.ThrowableCollector.execute(ThrowableCollector.java:73)
	at org.junit.platform.engine.support.hierarchical.NodeTestTask.executeRecursively(NodeTestTask.java:138)
	at org.junit.platform.engine.support.hierarchical.NodeTestTask.execute(NodeTestTask.java:95)
	at org.junit.platform.engine.support.hierarchical.SameThreadHierarchicalTestExecutorService.submit(SameThreadHierarchicalTestExecutorService.java:35)
	at org.junit.platform.engine.support.hierarchical.HierarchicalTestExecutor.execute(HierarchicalTestExecutor.java:57)
	at org.junit.platform.engine.support.hierarchical.HierarchicalTestEngine.execute(HierarchicalTestEngine.java:54)
	at org.junit.platform.launcher.core.EngineExecutionOrchestrator.execute(EngineExecutionOrchestrator.java:108)
	at org.junit.platform.launcher.core.EngineExecutionOrchestrator.execute(EngineExecutionOrchestrator.java:88)
	at org.junit.platform.launcher.core.EngineExecutionOrchestrator.lambda$execute$0(EngineExecutionOrchestrator.java:54)
	at org.junit.platform.launcher.core.EngineExecutionOrchestrator.withInterceptedStreams(EngineExecutionOrchestrator.java:67)
	at org.junit.platform.launcher.core.EngineExecutionOrchestrator.execute(EngineExecutionOrchestrator.java:52)
	at org.junit.platform.launcher.core.DefaultLauncher.execute(DefaultLauncher.java:96)
	at org.junit.platform.launcher.core.DefaultLauncher.execute(DefaultLauncher.java:75)
	at org.gradle.api.internal.tasks.testing.junitplatform.JUnitPlatformTestClassProcessor$CollectAllTestClassesExecutor.processAllTestClasses(JUnitPlatformTestClassProcessor.java:99)
	at org.gradle.api.internal.tasks.testing.junitplatform.JUnitPlatformTestClassProcessor$CollectAllTestClassesExecutor.access$000(JUnitPlatformTestClassProcessor.java:79)
	at org.gradle.api.internal.tasks.testing.junitplatform.JUnitPlatformTestClassProcessor.stop(JUnitPlatformTestClassProcessor.java:75)
	at org.gradle.api.internal.tasks.testing.SuiteTestClassProcessor.stop(SuiteTestClassProcessor.java:61)
	at sun.reflect.NativeMethodAccessorImpl.invoke0(Native Method)
	at sun.reflect.NativeMethodAccessorImpl.invoke(NativeMethodAccessorImpl.java:62)
	at sun.reflect.DelegatingMethodAccessorImpl.invoke(DelegatingMethodAccessorImpl.java:43)
	at java.lang.reflect.Method.invoke(Method.java:498)
	at org.gradle.internal.dispatch.ReflectionDispatch.dispatch(ReflectionDispatch.java:36)
	at org.gradle.internal.dispatch.ReflectionDispatch.dispatch(ReflectionDispatch.java:24)
	at org.gradle.internal.dispatch.ContextClassLoaderDispatch.dispatch(ContextClassLoaderDispatch.java:33)
	at org.gradle.internal.dispatch.ProxyDispatchAdapter$DispatchingInvocationHandler.invoke(ProxyDispatchAdapter.java:94)
	at com.sun.proxy.$Proxy2.stop(Unknown Source)
	at org.gradle.api.internal.tasks.testing.worker.TestWorker.stop(TestWorker.java:135)
	at sun.reflect.NativeMethodAccessorImpl.invoke0(Native Method)
	at sun.reflect.NativeMethodAccessorImpl.invoke(NativeMethodAccessorImpl.java:62)
	at sun.reflect.DelegatingMethodAccessorImpl.invoke(DelegatingMethodAccessorImpl.java:43)
	at java.lang.reflect.Method.invoke(Method.java:498)
	at org.gradle.internal.dispatch.ReflectionDispatch.dispatch(ReflectionDispatch.java:36)
	at org.gradle.internal.dispatch.ReflectionDispatch.dispatch(ReflectionDispatch.java:24)
	at org.gradle.internal.remote.internal.hub.MessageHubBackedObjectConnection$DispatchWrapper.dispatch(MessageHubBackedObjectConnection.java:182)
	at org.gradle.internal.remote.internal.hub.MessageHubBackedObjectConnection$DispatchWrapper.dispatch(MessageHubBackedObjectConnection.java:164)
	at org.gradle.internal.remote.internal.hub.MessageHub$Handler.run(MessageHub.java:414)
	at org.gradle.internal.concurrent.ExecutorPolicy$CatchAndRecordFailures.onExecute(ExecutorPolicy.java:64)
	at org.gradle.internal.concurrent.ManagedExecutorImpl$1.run(ManagedExecutorImpl.java:48)
	at java.util.concurrent.ThreadPoolExecutor.runWorker(ThreadPoolExecutor.java:1149)
	at java.util.concurrent.ThreadPoolExecutor$Worker.run(ThreadPoolExecutor.java:624)
	at org.gradle.internal.concurrent.ThreadFactoryImpl$ManagedThreadRunnable.run(ThreadFactoryImpl.java:56)
	at java.lang.Thread.run(Thread.java:750)
</failure>
  </testcase>
  <testcase name="deveRealizarCadastroComSucesso()" classname="requests.GerenciadorFretesResquests" time="0.064"/>
  <testcase name="deveRealizarCadastroComSucessoDataFactory()" classname="requests.GerenciadorFretesResquests" time="0.094"/>
  <testcase name="devePesquisarFretePorId()" classname="requests.GerenciadorFretesResquests" time="0.096"/>
  <testcase name="naoDeveSerPossivelCadastrarLocalDeEntregaComMenosDeTresLetras()" classname="requests.GerenciadorFretesResquests" time="0.084"/>
  <testcase name="naoDeveSuportarVerbosDiferentesDePost()" classname="requests.GerenciadorFretesResquests" time="0.048"/>
  <system-out><![CDATA[Request method:	GET
Request URI:	http://localhost:8089/api/fretes
Proxy:			<none>
Request params:	<none>
Query params:	<none>
Form params:	<none>
Path params:	<none>
Headers:		Accept=*/*
				Content-Type=application/json
Cookies:		<none>
Multiparts:		<none>
Body:			<none>
HTTP/1.1 200 
Content-Type: application/json;charset=UTF-8
Transfer-Encoding: chunked
Date: Sat, 11 Jun 2022 18:50:25 GMT

[
    {
        "id": 1,
        "localDeEntrega": "Araraquara",
        "quantidade": 2,
        "transportadora": null,
        "produto": "Notebook"
    },
    {
        "id": 2,
        "localDeEntrega": "CB Barueri",
        "quantidade": 3,
        "transportadora": null,
        "produto": "Notebook"
    },
    {
        "id": 3,
        "localDeEntrega": "CB Barueri",
        "quantidade": 3,
        "transportadora": null,
        "produto": "Notebook"
    },
    {
        "id": 4,
        "localDeEntrega": "CB Barueri",
        "quantidade": 3,
        "transportadora": null,
        "produto": "Notebook"
    },
    {
        "id": 5,
        "localDeEntrega": "CB Barueri",
        "quantidade": 3,
        "transportadora": null,
        "produto": "Notebook"
    },
    {
        "id": 6,
        "localDeEntrega": "CB Barueri",
        "quantidade": 3,
        "transportadora": null,
        "produto": "Notebook"
    },
    {
        "id": 7,
        "localDeEntrega": "Araraquara",
        "quantidade": 2,
        "transportadora": null,
        "produto": "Notebook"
    },
    {
        "id": 8,
        "localDeEntrega": "CB Barueri",
        "quantidade": 3,
        "transportadora": null,
        "produto": "Notebook"
    },
    {
        "id": 9,
        "localDeEntrega": "CB Barueri",
        "quantidade": 3,
        "transportadora": null,
        "produto": "Notebook"
    },
    {
        "id": 10,
        "localDeEntrega": "Araraquara",
        "quantidade": 2,
        "transportadora": null,
        "produto": "Notebook"
    }
]
Request method:	POST
Request URI:	http://localhost:8089/api/fretes/novo
Proxy:			<none>
Request params:	<none>
Query params:	<none>
Form params:	<none>
Path params:	<none>
Headers:		Accept=*/*
				Content-Type=application/json
Cookies:		<none>
Multiparts:		<none>
Body:
{
    "localDeEntrega": "Recife",
    "quantidade": null,
    "transportadora": "Trans Praia Grande",
    "produto": "Laranja cravo"
}
HTTP/1.1 400 
Content-Type: application/json;charset=UTF-8
Transfer-Encoding: chunked
Date: Sat, 11 Jun 2022 18:50:29 GMT
Connection: close

{
    "data": null,
    "errors": [
        "quantidade é uma informação obrigatória"
    ]
}
Request method:	POST
Request URI:	http://localhost:8089/api/fretes/novo
Proxy:			<none>
Request params:	<none>
Query params:	<none>
Form params:	<none>
Path params:	<none>
Headers:		Accept=*/*
				Content-Type=application/json
Cookies:		<none>
Multiparts:		<none>
Body:
{
    "produto": "Notebook",
    "localDeEntrega": "CB Barueri",
    "quantidade": 3,
    "transportadora": "transDiego"
}
HTTP/1.1 201 
Location: http://localhost:8089/api/fretes/novo/
Content-Type: application/json;charset=UTF-8
Transfer-Encoding: chunked
Date: Sat, 11 Jun 2022 18:50:29 GMT

{
    "data": {
        "id": 11,
        "localDeEntrega": "CB Barueri",
        "quantidade": 3,
        "transportadora": null,
        "produto": "Notebook"
    },
    "errors": [
        
    ]
}
Request method:	GET
Request URI:	http://localhost:8089/api/fretes/33
Proxy:			<none>
Request params:	<none>
Query params:	<none>
Form params:	<none>
Path params:	<none>
Headers:		Accept=*/*
				Content-Type=application/json
Cookies:		<none>
Multiparts:		<none>
Body:			<none>
HTTP/1.1 500 
Content-Type: application/json;charset=UTF-8
Transfer-Encoding: chunked
Date: Sat, 11 Jun 2022 18:50:29 GMT
Connection: close

{
    "timestamp": 1654973429951,
    "status": 500,
    "error": "Internal Server Error",
    "exception": "java.lang.Exception",
    "message": "Não existe esta viagem cadastrada",
    "path": "/api/fretes/33"
}
Request method:	POST
Request URI:	http://localhost:8089/api/fretes/novo
Proxy:			<none>
Request params:	<none>
Query params:	<none>
Form params:	<none>
Path params:	<none>
Headers:		Accept=*/*
				Content-Type=application/json
Cookies:		<none>
Multiparts:		<none>
Body:
{
    "produto": "Notebook",
    "localDeEntrega": "CB Barueri",
    "quantidade": 3,
    "transportadora": "transDiego"
}
HTTP/1.1 201 
Location: http://localhost:8089/api/fretes/novo/
Content-Type: application/json;charset=UTF-8
Transfer-Encoding: chunked
Date: Sat, 11 Jun 2022 18:50:29 GMT

{
    "data": {
        "id": 12,
        "localDeEntrega": "CB Barueri",
        "quantidade": 3,
        "transportadora": null,
        "produto": "Notebook"
    },
    "errors": [
        
    ]
}
Request method:	POST
Request URI:	http://localhost:8089/api/fretes/novo
Proxy:			<none>
Request params:	<none>
Query params:	<none>
Form params:	<none>
Path params:	<none>
Headers:		Accept=*/*
				Content-Type=application/json
Cookies:		<none>
Multiparts:		<none>
Body:
{
    "localDeEntrega": "Araraquara",
    "quantidade": 2,
    "transportadora": "Trans Comunidade QA",
    "produto": "Notebook"
}
HTTP/1.1 201 
Location: http://localhost:8089/api/fretes/novo/
Content-Type: application/json;charset=UTF-8
Transfer-Encoding: chunked
Date: Sat, 11 Jun 2022 18:50:29 GMT

{
    "data": {
        "id": 13,
        "localDeEntrega": "Araraquara",
        "quantidade": 2,
        "transportadora": null,
        "produto": "Notebook"
    },
    "errors": [
        
    ]
}
Request method:	GET
Request URI:	http://localhost:8089/api/fretes/1
Proxy:			<none>
Request params:	<none>
Query params:	<none>
Form params:	<none>
Path params:	<none>
Headers:		Accept=*/*
				Content-Type=application/json
Cookies:		<none>
Multiparts:		<none>
Body:			<none>
HTTP/1.1 200 
Content-Type: application/json;charset=UTF-8
Transfer-Encoding: chunked
Date: Sat, 11 Jun 2022 18:50:29 GMT

{
    "data": {
        "id": 1,
        "localDeEntrega": "Araraquara",
        "quantidade": 2,
        "transportadora": null,
        "produto": "Notebook"
    },
    "errors": [
        
    ]
}
Request method:	POST
Request URI:	http://localhost:8089/api/fretes/novo
Proxy:			<none>
Request params:	<none>
Query params:	<none>
Form params:	<none>
Path params:	<none>
Headers:		Accept=*/*
				Content-Type=application/json
Cookies:		<none>
Multiparts:		<none>
Body:
{
    "localDeEntrega": "AB",
    "quantidade": 3,
    "transportadora": "Trans Comunidade QA",
    "produto": "Notebook"
}
HTTP/1.1 400 
Content-Type: application/json;charset=UTF-8
Transfer-Encoding: chunked
Date: Sat, 11 Jun 2022 18:50:29 GMT
Connection: close

{
    "data": null,
    "errors": [
        "Local de Entrega deve estar entre 3 e 40 caracteres"
    ]
}
Request method:	PUT
Request URI:	http://localhost:8089/api/fretes/novo
Proxy:			<none>
Request params:	<none>
Query params:	<none>
Form params:	<none>
Path params:	<none>
Headers:		Accept=*/*
				Content-Type=application/json
Cookies:		<none>
Multiparts:		<none>
Body:
{
    "produto": "Notebook",
    "dataEntrega": "2022-02-01",
    "localDeEntrega": "CB Barueri",
    "dataColeta": "2022-02-01"
}
HTTP/1.1 405 
Allow: GET, POST
Content-Type: application/json;charset=UTF-8
Transfer-Encoding: chunked
Date: Sat, 11 Jun 2022 18:50:29 GMT

{
    "timestamp": 1654973430369,
    "status": 405,
    "error": "Method Not Allowed",
    "exception": "org.springframework.web.HttpRequestMethodNotSupportedException",
    "message": "Request method 'PUT' not supported",
    "path": "/api/fretes/novo"
}
]]></system-out>
  <system-err><![CDATA[]]></system-err>
</testsuite>
