<?xml version="1.0" encoding="UTF-8"?>
<testsuite name="GerenciadorFretesResquests" tests="1" skipped="0" failures="0" errors="0" timestamp="2022-03-10T20:30:24" hostname="NI-INV3036" time="3.394">
  <properties/>
  <testcase name="naoDeveSuportarVerbosDiferentesDePost()" classname="GerenciadorFretesResquests" time="3.394"/>
  <system-out><![CDATA[Request method:	PUT
Request URI:	http://localhost:8089/api/fretes/novo
Proxy:			<none>
Request params:	<none>
Query params:	<none>
Form params:	<none>
Path params:	<none>
Headers:		Accept=*/*
				Content-Type=application/json
Cookies:		<none>
Multiparts:		<none>
Body:
{
    "produto": "Notebook",
    "dataEntrega": "2022-02-01",
    "localDeEntrega": "CB Barueri",
    "dataColeta": "2022-02-01"
}
HTTP/1.1 405 
Allow: POST, GET
Content-Type: application/json;charset=UTF-8
Transfer-Encoding: chunked
Date: Thu, 10 Mar 2022 20:30:28 GMT

{
    "timestamp": 1646944228063,
    "status": 405,
    "error": "Method Not Allowed",
    "exception": "org.springframework.web.HttpRequestMethodNotSupportedException",
    "message": "Request method 'PUT' not supported",
    "path": "/api/fretes/novo"
}
]]></system-out>
  <system-err><![CDATA[]]></system-err>
</testsuite>
